/!\ FAILSAFE /!\  Mon May 03 14:37:53 +0200 2010
  Status: 500 Internal Server Error
  no such file to load -- sqlite3
    /usr/lib/ruby/1.8/rubygems/custom_require.rb:31:in `gem_original_require'
    /usr/lib/ruby/1.8/rubygems/custom_require.rb:31:in `require'
    /var/lib/gems/1.8/gems/activesupport-2.3.5/lib/active_support/dependencies.rb:156:in `require'
    /var/lib/gems/1.8/gems/activesupport-2.3.5/lib/active_support/dependencies.rb:521:in `new_constants_in'
    /var/lib/gems/1.8/gems/activesupport-2.3.5/lib/active_support/dependencies.rb:156:in `require'
    /var/lib/gems/1.8/gems/activesupport-2.3.5/lib/active_support/core_ext/kernel/requires.rb:7:in `require_library_or_gem'
    /var/lib/gems/1.8/gems/activesupport-2.3.5/lib/active_support/core_ext/kernel/reporting.rb:11:in `silence_warnings'
    /var/lib/gems/1.8/gems/activesupport-2.3.5/lib/active_support/core_ext/kernel/requires.rb:5:in `require_library_or_gem'
    /var/lib/gems/1.8/gems/activerecord-2.3.5/lib/active_record/connection_adapters/sqlite3_adapter.rb:10:in `sqlite3_connection'
    /var/lib/gems/1.8/gems/activerecord-2.3.5/lib/active_record/connection_adapters/abstract/connection_pool.rb:223:in `send'
    /var/lib/gems/1.8/gems/activerecord-2.3.5/lib/active_record/connection_adapters/abstract/connection_pool.rb:223:in `new_connection'
    /var/lib/gems/1.8/gems/activerecord-2.3.5/lib/active_record/connection_adapters/abstract/connection_pool.rb:245:in `checkout_new_connection'
    /var/lib/gems/1.8/gems/activerecord-2.3.5/lib/active_record/connection_adapters/abstract/connection_pool.rb:188:in `checkout'
    /var/lib/gems/1.8/gems/activerecord-2.3.5/lib/active_record/connection_adapters/abstract/connection_pool.rb:184:in `loop'
    /var/lib/gems/1.8/gems/activerecord-2.3.5/lib/active_record/connection_adapters/abstract/connection_pool.rb:184:in `checkout'
    /usr/lib/ruby/1.8/monitor.rb:242:in `synchronize'
    /var/lib/gems/1.8/gems/activerecord-2.3.5/lib/active_record/connection_adapters/abstract/connection_pool.rb:183:in `checkout'
    /var/lib/gems/1.8/gems/activerecord-2.3.5/lib/active_record/connection_adapters/abstract/connection_pool.rb:98:in `connection'
    /var/lib/gems/1.8/gems/activerecord-2.3.5/lib/active_record/connection_adapters/abstract/connection_pool.rb:326:in `retrieve_connection'
    /var/lib/gems/1.8/gems/activerecord-2.3.5/lib/active_record/connection_adapters/abstract/connection_specification.rb:123:in `retrieve_connection'
    /var/lib/gems/1.8/gems/activerecord-2.3.5/lib/active_record/connection_adapters/abstract/connection_specification.rb:115:in `connection'
    /var/lib/gems/1.8/gems/activerecord-2.3.5/lib/active_record/query_cache.rb:9:in `cache'
    /var/lib/gems/1.8/gems/activerecord-2.3.5/lib/active_record/query_cache.rb:28:in `call'
    /var/lib/gems/1.8/gems/activerecord-2.3.5/lib/active_record/connection_adapters/abstract/connection_pool.rb:361:in `call'
    /var/lib/gems/1.8/gems/actionpack-2.3.5/lib/action_controller/string_coercion.rb:25:in `call'
    /var/lib/gems/1.8/gems/rack-1.0.1/lib/rack/head.rb:9:in `call'
    /var/lib/gems/1.8/gems/rack-1.0.1/lib/rack/methodoverride.rb:24:in `call'
    /var/lib/gems/1.8/gems/actionpack-2.3.5/lib/action_controller/params_parser.rb:15:in `call'
    /var/lib/gems/1.8/gems/actionpack-2.3.5/lib/action_controller/session/cookie_store.rb:93:in `call'
    /var/lib/gems/1.8/gems/actionpack-2.3.5/lib/action_controller/failsafe.rb:26:in `call'
    /var/lib/gems/1.8/gems/rack-1.0.1/lib/rack/lock.rb:11:in `call'
    /var/lib/gems/1.8/gems/rack-1.0.1/lib/rack/lock.rb:11:in `synchronize'
    /var/lib/gems/1.8/gems/rack-1.0.1/lib/rack/lock.rb:11:in `call'
    /var/lib/gems/1.8/gems/actionpack-2.3.5/lib/action_controller/dispatcher.rb:114:in `call'
    /var/lib/gems/1.8/gems/actionpack-2.3.5/lib/action_controller/reloader.rb:34:in `run'
    /var/lib/gems/1.8/gems/actionpack-2.3.5/lib/action_controller/dispatcher.rb:108:in `call'
    /var/lib/gems/1.8/gems/rails-2.3.5/lib/rails/rack/static.rb:31:in `call'
    /var/lib/gems/1.8/gems/rack-1.0.1/lib/rack/urlmap.rb:46:in `call'
    /var/lib/gems/1.8/gems/rack-1.0.1/lib/rack/urlmap.rb:40:in `each'
    /var/lib/gems/1.8/gems/rack-1.0.1/lib/rack/urlmap.rb:40:in `call'
    /var/lib/gems/1.8/gems/rails-2.3.5/lib/rails/rack/log_tailer.rb:17:in `call'
    /var/lib/gems/1.8/gems/rack-1.0.1/lib/rack/content_length.rb:13:in `call'
    /var/lib/gems/1.8/gems/rack-1.0.1/lib/rack/handler/webrick.rb:50:in `service'
    /usr/lib/ruby/1.8/webrick/httpserver.rb:104:in `service'
    /usr/lib/ruby/1.8/webrick/httpserver.rb:65:in `run'
    /usr/lib/ruby/1.8/webrick/server.rb:173:in `start_thread'
    /usr/lib/ruby/1.8/webrick/server.rb:162:in `start'
    /usr/lib/ruby/1.8/webrick/server.rb:162:in `start_thread'
    /usr/lib/ruby/1.8/webrick/server.rb:95:in `start'
    /usr/lib/ruby/1.8/webrick/server.rb:92:in `each'
    /usr/lib/ruby/1.8/webrick/server.rb:92:in `start'
    /usr/lib/ruby/1.8/webrick/server.rb:23:in `start'
    /usr/lib/ruby/1.8/webrick/server.rb:82:in `start'
    /var/lib/gems/1.8/gems/rack-1.0.1/lib/rack/handler/webrick.rb:14:in `run'
    /var/lib/gems/1.8/gems/rails-2.3.5/lib/commands/server.rb:111
    /usr/lib/ruby/1.8/rubygems/custom_require.rb:31:in `gem_original_require'
    /usr/lib/ruby/1.8/rubygems/custom_require.rb:31:in `require'
    script/server:3
/!\ FAILSAFE /!\  Mon May 03 14:37:59 +0200 2010
  Status: 500 Internal Server Error
  no such file to load -- sqlite3
    /usr/lib/ruby/1.8/rubygems/custom_require.rb:31:in `gem_original_require'
    /usr/lib/ruby/1.8/rubygems/custom_require.rb:31:in `require'
    /var/lib/gems/1.8/gems/activesupport-2.3.5/lib/active_support/dependencies.rb:156:in `require'
    /var/lib/gems/1.8/gems/activesupport-2.3.5/lib/active_support/dependencies.rb:521:in `new_constants_in'
    /var/lib/gems/1.8/gems/activesupport-2.3.5/lib/active_support/dependencies.rb:156:in `require'
    /var/lib/gems/1.8/gems/activesupport-2.3.5/lib/active_support/core_ext/kernel/requires.rb:7:in `require_library_or_gem'
    /var/lib/gems/1.8/gems/activesupport-2.3.5/lib/active_support/core_ext/kernel/reporting.rb:11:in `silence_warnings'
    /var/lib/gems/1.8/gems/activesupport-2.3.5/lib/active_support/core_ext/kernel/requires.rb:5:in `require_library_or_gem'
    /var/lib/gems/1.8/gems/activerecord-2.3.5/lib/active_record/connection_adapters/sqlite3_adapter.rb:10:in `sqlite3_connection'
    /var/lib/gems/1.8/gems/activerecord-2.3.5/lib/active_record/connection_adapters/abstract/connection_pool.rb:223:in `send'
    /var/lib/gems/1.8/gems/activerecord-2.3.5/lib/active_record/connection_adapters/abstract/connection_pool.rb:223:in `new_connection'
    /var/lib/gems/1.8/gems/activerecord-2.3.5/lib/active_record/connection_adapters/abstract/connection_pool.rb:245:in `checkout_new_connection'
    /var/lib/gems/1.8/gems/activerecord-2.3.5/lib/active_record/connection_adapters/abstract/connection_pool.rb:188:in `checkout'
    /var/lib/gems/1.8/gems/activerecord-2.3.5/lib/active_record/connection_adapters/abstract/connection_pool.rb:184:in `loop'
    /var/lib/gems/1.8/gems/activerecord-2.3.5/lib/active_record/connection_adapters/abstract/connection_pool.rb:184:in `checkout'
    /usr/lib/ruby/1.8/monitor.rb:242:in `synchronize'
    /var/lib/gems/1.8/gems/activerecord-2.3.5/lib/active_record/connection_adapters/abstract/connection_pool.rb:183:in `checkout'
    /var/lib/gems/1.8/gems/activerecord-2.3.5/lib/active_record/connection_adapters/abstract/connection_pool.rb:98:in `connection'
    /var/lib/gems/1.8/gems/activerecord-2.3.5/lib/active_record/connection_adapters/abstract/connection_pool.rb:326:in `retrieve_connection'
    /var/lib/gems/1.8/gems/activerecord-2.3.5/lib/active_record/connection_adapters/abstract/connection_specification.rb:123:in `retrieve_connection'
    /var/lib/gems/1.8/gems/activerecord-2.3.5/lib/active_record/connection_adapters/abstract/connection_specification.rb:115:in `connection'
    /var/lib/gems/1.8/gems/activerecord-2.3.5/lib/active_record/query_cache.rb:9:in `cache'
    /var/lib/gems/1.8/gems/activerecord-2.3.5/lib/active_record/query_cache.rb:28:in `call'
    /var/lib/gems/1.8/gems/activerecord-2.3.5/lib/active_record/connection_adapters/abstract/connection_pool.rb:361:in `call'
    /var/lib/gems/1.8/gems/actionpack-2.3.5/lib/action_controller/string_coercion.rb:25:in `call'
    /var/lib/gems/1.8/gems/rack-1.0.1/lib/rack/head.rb:9:in `call'
    /var/lib/gems/1.8/gems/rack-1.0.1/lib/rack/methodoverride.rb:24:in `call'
    /var/lib/gems/1.8/gems/actionpack-2.3.5/lib/action_controller/params_parser.rb:15:in `call'
    /var/lib/gems/1.8/gems/actionpack-2.3.5/lib/action_controller/session/cookie_store.rb:93:in `call'
    /var/lib/gems/1.8/gems/actionpack-2.3.5/lib/action_controller/failsafe.rb:26:in `call'
    /var/lib/gems/1.8/gems/rack-1.0.1/lib/rack/lock.rb:11:in `call'
    /var/lib/gems/1.8/gems/rack-1.0.1/lib/rack/lock.rb:11:in `synchronize'
    /var/lib/gems/1.8/gems/rack-1.0.1/lib/rack/lock.rb:11:in `call'
    /var/lib/gems/1.8/gems/actionpack-2.3.5/lib/action_controller/dispatcher.rb:114:in `call'
    /var/lib/gems/1.8/gems/actionpack-2.3.5/lib/action_controller/reloader.rb:34:in `run'
    /var/lib/gems/1.8/gems/actionpack-2.3.5/lib/action_controller/dispatcher.rb:108:in `call'
    /var/lib/gems/1.8/gems/rails-2.3.5/lib/rails/rack/static.rb:31:in `call'
    /var/lib/gems/1.8/gems/rack-1.0.1/lib/rack/urlmap.rb:46:in `call'
    /var/lib/gems/1.8/gems/rack-1.0.1/lib/rack/urlmap.rb:40:in `each'
    /var/lib/gems/1.8/gems/rack-1.0.1/lib/rack/urlmap.rb:40:in `call'
    /var/lib/gems/1.8/gems/rails-2.3.5/lib/rails/rack/log_tailer.rb:17:in `call'
    /var/lib/gems/1.8/gems/rack-1.0.1/lib/rack/content_length.rb:13:in `call'
    /var/lib/gems/1.8/gems/rack-1.0.1/lib/rack/handler/webrick.rb:50:in `service'
    /usr/lib/ruby/1.8/webrick/httpserver.rb:104:in `service'
    /usr/lib/ruby/1.8/webrick/httpserver.rb:65:in `run'
    /usr/lib/ruby/1.8/webrick/server.rb:173:in `start_thread'
    /usr/lib/ruby/1.8/webrick/server.rb:162:in `start'
    /usr/lib/ruby/1.8/webrick/server.rb:162:in `start_thread'
    /usr/lib/ruby/1.8/webrick/server.rb:95:in `start'
    /usr/lib/ruby/1.8/webrick/server.rb:92:in `each'
    /usr/lib/ruby/1.8/webrick/server.rb:92:in `start'
    /usr/lib/ruby/1.8/webrick/server.rb:23:in `start'
    /usr/lib/ruby/1.8/webrick/server.rb:82:in `start'
    /var/lib/gems/1.8/gems/rack-1.0.1/lib/rack/handler/webrick.rb:14:in `run'
    /var/lib/gems/1.8/gems/rails-2.3.5/lib/commands/server.rb:111
    /usr/lib/ruby/1.8/rubygems/custom_require.rb:31:in `gem_original_require'
    /usr/lib/ruby/1.8/rubygems/custom_require.rb:31:in `require'
    script/server:3


Processing ApplicationController#index (for 127.0.0.1 at 2010-05-03 14:49:01) [GET]

ActionController::RoutingError (No route matches "/demo/say/hello" with {:method=>:get}):
  /usr/lib/ruby/1.8/webrick/httpserver.rb:104:in `service'
  /usr/lib/ruby/1.8/webrick/httpserver.rb:65:in `run'
  /usr/lib/ruby/1.8/webrick/server.rb:173:in `start_thread'
  /usr/lib/ruby/1.8/webrick/server.rb:162:in `start'
  /usr/lib/ruby/1.8/webrick/server.rb:162:in `start_thread'
  /usr/lib/ruby/1.8/webrick/server.rb:95:in `start'
  /usr/lib/ruby/1.8/webrick/server.rb:92:in `each'
  /usr/lib/ruby/1.8/webrick/server.rb:92:in `start'
  /usr/lib/ruby/1.8/webrick/server.rb:23:in `start'
  /usr/lib/ruby/1.8/webrick/server.rb:82:in `start'

Rendering rescues/layout (not_found)


Processing ApplicationController#index (for 127.0.0.1 at 2010-05-03 14:49:06) [GET]

ActionController::RoutingError (No route matches "/say/hello" with {:method=>:get}):
  /usr/lib/ruby/1.8/webrick/httpserver.rb:104:in `service'
  /usr/lib/ruby/1.8/webrick/httpserver.rb:65:in `run'
  /usr/lib/ruby/1.8/webrick/server.rb:173:in `start_thread'
  /usr/lib/ruby/1.8/webrick/server.rb:162:in `start'
  /usr/lib/ruby/1.8/webrick/server.rb:162:in `start_thread'
  /usr/lib/ruby/1.8/webrick/server.rb:95:in `start'
  /usr/lib/ruby/1.8/webrick/server.rb:92:in `each'
  /usr/lib/ruby/1.8/webrick/server.rb:92:in `start'
  /usr/lib/ruby/1.8/webrick/server.rb:23:in `start'
  /usr/lib/ruby/1.8/webrick/server.rb:82:in `start'

Rendering rescues/layout (not_found)


Processing ApplicationController#index (for 127.0.0.1 at 2010-05-03 14:53:38) [GET]

ActionController::RoutingError (No route matches "/say/hello" with {:method=>:get}):
  /usr/lib/ruby/1.8/webrick/httpserver.rb:104:in `service'
  /usr/lib/ruby/1.8/webrick/httpserver.rb:65:in `run'
  /usr/lib/ruby/1.8/webrick/server.rb:173:in `start_thread'
  /usr/lib/ruby/1.8/webrick/server.rb:162:in `start'
  /usr/lib/ruby/1.8/webrick/server.rb:162:in `start_thread'
  /usr/lib/ruby/1.8/webrick/server.rb:95:in `start'
  /usr/lib/ruby/1.8/webrick/server.rb:92:in `each'
  /usr/lib/ruby/1.8/webrick/server.rb:92:in `start'
  /usr/lib/ruby/1.8/webrick/server.rb:23:in `start'
  /usr/lib/ruby/1.8/webrick/server.rb:82:in `start'

Rendering rescues/layout (not_found)


Processing ApplicationController#index (for 127.0.0.1 at 2010-05-03 14:53:40) [GET]

ActionController::RoutingError (No route matches "/say/hello" with {:method=>:get}):
  /usr/lib/ruby/1.8/webrick/httpserver.rb:104:in `service'
  /usr/lib/ruby/1.8/webrick/httpserver.rb:65:in `run'
  /usr/lib/ruby/1.8/webrick/server.rb:173:in `start_thread'
  /usr/lib/ruby/1.8/webrick/server.rb:162:in `start'
  /usr/lib/ruby/1.8/webrick/server.rb:162:in `start_thread'
  /usr/lib/ruby/1.8/webrick/server.rb:95:in `start'
  /usr/lib/ruby/1.8/webrick/server.rb:92:in `each'
  /usr/lib/ruby/1.8/webrick/server.rb:92:in `start'
  /usr/lib/ruby/1.8/webrick/server.rb:23:in `start'
  /usr/lib/ruby/1.8/webrick/server.rb:82:in `start'

Rendering rescues/layout (not_found)


Processing ApplicationController#index (for 127.0.0.1 at 2010-05-03 14:53:40) [GET]

ActionController::RoutingError (No route matches "/say/hello" with {:method=>:get}):
  /usr/lib/ruby/1.8/webrick/httpserver.rb:104:in `service'
  /usr/lib/ruby/1.8/webrick/httpserver.rb:65:in `run'
  /usr/lib/ruby/1.8/webrick/server.rb:173:in `start_thread'
  /usr/lib/ruby/1.8/webrick/server.rb:162:in `start'
  /usr/lib/ruby/1.8/webrick/server.rb:162:in `start_thread'
  /usr/lib/ruby/1.8/webrick/server.rb:95:in `start'
  /usr/lib/ruby/1.8/webrick/server.rb:92:in `each'
  /usr/lib/ruby/1.8/webrick/server.rb:92:in `start'
  /usr/lib/ruby/1.8/webrick/server.rb:23:in `start'
  /usr/lib/ruby/1.8/webrick/server.rb:82:in `start'

Rendering rescues/layout (not_found)


Processing ApplicationController#index (for 127.0.0.1 at 2010-05-03 14:53:40) [GET]

ActionController::RoutingError (No route matches "/say/hello" with {:method=>:get}):
  /usr/lib/ruby/1.8/webrick/httpserver.rb:104:in `service'
  /usr/lib/ruby/1.8/webrick/httpserver.rb:65:in `run'
  /usr/lib/ruby/1.8/webrick/server.rb:173:in `start_thread'
  /usr/lib/ruby/1.8/webrick/server.rb:162:in `start'
  /usr/lib/ruby/1.8/webrick/server.rb:162:in `start_thread'
  /usr/lib/ruby/1.8/webrick/server.rb:95:in `start'
  /usr/lib/ruby/1.8/webrick/server.rb:92:in `each'
  /usr/lib/ruby/1.8/webrick/server.rb:92:in `start'
  /usr/lib/ruby/1.8/webrick/server.rb:23:in `start'
  /usr/lib/ruby/1.8/webrick/server.rb:82:in `start'

Rendering rescues/layout (not_found)


Processing ApplicationController#index (for 127.0.0.1 at 2010-05-03 14:53:40) [GET]

ActionController::RoutingError (No route matches "/say/hello" with {:method=>:get}):
  /usr/lib/ruby/1.8/webrick/httpserver.rb:104:in `service'
  /usr/lib/ruby/1.8/webrick/httpserver.rb:65:in `run'
  /usr/lib/ruby/1.8/webrick/server.rb:173:in `start_thread'
  /usr/lib/ruby/1.8/webrick/server.rb:162:in `start'
  /usr/lib/ruby/1.8/webrick/server.rb:162:in `start_thread'
  /usr/lib/ruby/1.8/webrick/server.rb:95:in `start'
  /usr/lib/ruby/1.8/webrick/server.rb:92:in `each'
  /usr/lib/ruby/1.8/webrick/server.rb:92:in `start'
  /usr/lib/ruby/1.8/webrick/server.rb:23:in `start'
  /usr/lib/ruby/1.8/webrick/server.rb:82:in `start'

Rendering rescues/layout (not_found)


Processing ApplicationController#index (for 127.0.0.1 at 2010-05-03 14:53:41) [GET]

ActionController::RoutingError (No route matches "/say/hello" with {:method=>:get}):
  /usr/lib/ruby/1.8/webrick/httpserver.rb:104:in `service'
  /usr/lib/ruby/1.8/webrick/httpserver.rb:65:in `run'
  /usr/lib/ruby/1.8/webrick/server.rb:173:in `start_thread'
  /usr/lib/ruby/1.8/webrick/server.rb:162:in `start'
  /usr/lib/ruby/1.8/webrick/server.rb:162:in `start_thread'
  /usr/lib/ruby/1.8/webrick/server.rb:95:in `start'
  /usr/lib/ruby/1.8/webrick/server.rb:92:in `each'
  /usr/lib/ruby/1.8/webrick/server.rb:92:in `start'
  /usr/lib/ruby/1.8/webrick/server.rb:23:in `start'
  /usr/lib/ruby/1.8/webrick/server.rb:82:in `start'

Rendering rescues/layout (not_found)


Processing SayController#hello (for 127.0.0.1 at 2010-05-03 14:54:06) [GET]
Rendering say/hello
Completed in 6ms (View: 4, DB: 0) | 200 OK [http://0.0.0.0/say/hello]


Processing SayController#hello (for 127.0.0.1 at 2010-05-03 15:03:39) [GET]
Rendering say/hello
Completed in 145ms (View: 144, DB: 0) | 200 OK [http://0.0.0.0/say/hello]


Processing SayController#hello (for 127.0.0.1 at 2010-05-03 15:05:24) [GET]
Rendering say/hello
ERROR: compiling _run_rhtml_app47views47say47hello46rhtml RAISED compile error
/home/geoffr/AWDR/work/demo/app/views/say/hello.rhtml:11: syntax error, unexpected ')'
...t_buffer.concat(( 3.times do ).to_s); @output_buffer.concat ...
                              ^
/home/geoffr/AWDR/work/demo/app/views/say/hello.rhtml:17: syntax error, unexpected kENSURE, expecting ')'
/home/geoffr/AWDR/work/demo/app/views/say/hello.rhtml:19: syntax error, unexpected kEND, expecting ')'
Function body:           def _run_rhtml_app47views47say47hello46rhtml(local_assigns)
            old_output_buffer = output_buffer;;@output_buffer = '';  __in_erb_template=true ; @output_buffer.concat "<html>\n\t<head>\n\t\t<title>Hello, Rails!</title>\n\t</head>\n\t<body>\n\t\t<h1>Hello from Rails!</h1>\n\t\t<ul>\n\t\t\t<li>Addition: 1 + 2 = "






; @output_buffer.concat(( 1+2 ).to_s); @output_buffer.concat "</li>\n\t\t\t<li>Concatenation: "
; @output_buffer.concat(( "cow" + "boy" ).to_s); @output_buffer.concat "</li>\n\t\t\t<li>Time in 1 hour: "
; @output_buffer.concat(( 1.hour.from_now ).to_s); @output_buffer.concat "</li>\n\t\t\t"
; @output_buffer.concat(( 3.times do ).to_s); @output_buffer.concat "\n\t\t\tHo! <br>\n\t\t\t"

;  end ; @output_buffer.concat "\n\t</body>\n</html>\n"


; @output_buffer
          ensure
            self.output_buffer = old_output_buffer
          end
Backtrace: /home/geoffr/AWDR/work/demo/app/views/say/hello.rhtml:19:in `compile!'
/var/lib/gems/1.8/gems/actionpack-2.3.5/lib/action_view/renderable.rb:61:in `compile'
/var/lib/gems/1.8/gems/actionpack-2.3.5/lib/action_view/renderable.rb:28:in `render'
/var/lib/gems/1.8/gems/actionpack-2.3.5/lib/action_view/template.rb:205:in `render_template'
/var/lib/gems/1.8/gems/actionpack-2.3.5/lib/action_view/base.rb:265:in `render'
/var/lib/gems/1.8/gems/actionpack-2.3.5/lib/action_controller/base.rb:1250:in `render_for_file'
/var/lib/gems/1.8/gems/actionpack-2.3.5/lib/action_controller/base.rb:945:in `render_without_benchmark'
/var/lib/gems/1.8/gems/actionpack-2.3.5/lib/action_controller/benchmarking.rb:51:in `render'
/var/lib/gems/1.8/gems/activesupport-2.3.5/lib/active_support/core_ext/benchmark.rb:17:in `ms'
/usr/lib/ruby/1.8/benchmark.rb:308:in `realtime'
/var/lib/gems/1.8/gems/activesupport-2.3.5/lib/active_support/core_ext/benchmark.rb:17:in `ms'
/var/lib/gems/1.8/gems/actionpack-2.3.5/lib/action_controller/benchmarking.rb:51:in `render'
/var/lib/gems/1.8/gems/actionpack-2.3.5/lib/action_controller/base.rb:1326:in `default_render'
/var/lib/gems/1.8/gems/actionpack-2.3.5/lib/action_controller/base.rb:1332:in `perform_action_without_filters'
/var/lib/gems/1.8/gems/actionpack-2.3.5/lib/action_controller/filters.rb:617:in `call_filters'
/var/lib/gems/1.8/gems/actionpack-2.3.5/lib/action_controller/filters.rb:610:in `perform_action_without_benchmark'
/var/lib/gems/1.8/gems/actionpack-2.3.5/lib/action_controller/benchmarking.rb:68:in `perform_action_without_rescue'
/var/lib/gems/1.8/gems/activesupport-2.3.5/lib/active_support/core_ext/benchmark.rb:17:in `ms'
/usr/lib/ruby/1.8/benchmark.rb:308:in `realtime'
/var/lib/gems/1.8/gems/activesupport-2.3.5/lib/active_support/core_ext/benchmark.rb:17:in `ms'
/var/lib/gems/1.8/gems/actionpack-2.3.5/lib/action_controller/benchmarking.rb:68:in `perform_action_without_rescue'
/var/lib/gems/1.8/gems/actionpack-2.3.5/lib/action_controller/rescue.rb:160:in `perform_action_without_flash'
/var/lib/gems/1.8/gems/actionpack-2.3.5/lib/action_controller/flash.rb:146:in `perform_action'
/var/lib/gems/1.8/gems/actionpack-2.3.5/lib/action_controller/base.rb:532:in `send'
/var/lib/gems/1.8/gems/actionpack-2.3.5/lib/action_controller/base.rb:532:in `process_without_filters'
/var/lib/gems/1.8/gems/actionpack-2.3.5/lib/action_controller/filters.rb:606:in `process'
/var/lib/gems/1.8/gems/actionpack-2.3.5/lib/action_controller/base.rb:391:in `process'
/var/lib/gems/1.8/gems/actionpack-2.3.5/lib/action_controller/base.rb:386:in `call'
/var/lib/gems/1.8/gems/actionpack-2.3.5/lib/action_controller/routing/route_set.rb:437:in `call'
/var/lib/gems/1.8/gems/actionpack-2.3.5/lib/action_controller/dispatcher.rb:87:in `dispatch'
/var/lib/gems/1.8/gems/actionpack-2.3.5/lib/action_controller/dispatcher.rb:121:in `_call'
/var/lib/gems/1.8/gems/actionpack-2.3.5/lib/action_controller/dispatcher.rb:130
/var/lib/gems/1.8/gems/activerecord-2.3.5/lib/active_record/query_cache.rb:29:in `call'
/var/lib/gems/1.8/gems/activerecord-2.3.5/lib/active_record/query_cache.rb:29:in `call'
/var/lib/gems/1.8/gems/activerecord-2.3.5/lib/active_record/connection_adapters/abstract/query_cache.rb:34:in `cache'
/var/lib/gems/1.8/gems/activerecord-2.3.5/lib/active_record/query_cache.rb:9:in `cache'
/var/lib/gems/1.8/gems/activerecord-2.3.5/lib/active_record/query_cache.rb:28:in `call'
/var/lib/gems/1.8/gems/activerecord-2.3.5/lib/active_record/connection_adapters/abstract/connection_pool.rb:361:in `call'
/var/lib/gems/1.8/gems/actionpack-2.3.5/lib/action_controller/string_coercion.rb:25:in `call'
/var/lib/gems/1.8/gems/rack-1.0.1/lib/rack/head.rb:9:in `call'
/var/lib/gems/1.8/gems/rack-1.0.1/lib/rack/methodoverride.rb:24:in `call'
/var/lib/gems/1.8/gems/actionpack-2.3.5/lib/action_controller/params_parser.rb:15:in `call'
/var/lib/gems/1.8/gems/actionpack-2.3.5/lib/action_controller/session/cookie_store.rb:93:in `call'
/var/lib/gems/1.8/gems/actionpack-2.3.5/lib/action_controller/failsafe.rb:26:in `call'
/var/lib/gems/1.8/gems/rack-1.0.1/lib/rack/lock.rb:11:in `call'
/var/lib/gems/1.8/gems/rack-1.0.1/lib/rack/lock.rb:11:in `synchronize'
/var/lib/gems/1.8/gems/rack-1.0.1/lib/rack/lock.rb:11:in `call'
/var/lib/gems/1.8/gems/actionpack-2.3.5/lib/action_controller/dispatcher.rb:114:in `call'
/var/lib/gems/1.8/gems/actionpack-2.3.5/lib/action_controller/reloader.rb:34:in `run'
/var/lib/gems/1.8/gems/actionpack-2.3.5/lib/action_controller/dispatcher.rb:108:in `call'
/var/lib/gems/1.8/gems/rails-2.3.5/lib/rails/rack/static.rb:31:in `call'
/var/lib/gems/1.8/gems/rack-1.0.1/lib/rack/urlmap.rb:46:in `call'
/var/lib/gems/1.8/gems/rack-1.0.1/lib/rack/urlmap.rb:40:in `each'
/var/lib/gems/1.8/gems/rack-1.0.1/lib/rack/urlmap.rb:40:in `call'
/var/lib/gems/1.8/gems/rails-2.3.5/lib/rails/rack/log_tailer.rb:17:in `call'
/var/lib/gems/1.8/gems/rack-1.0.1/lib/rack/content_length.rb:13:in `call'
/var/lib/gems/1.8/gems/rack-1.0.1/lib/rack/handler/webrick.rb:50:in `service'
/usr/lib/ruby/1.8/webrick/httpserver.rb:104:in `service'
/usr/lib/ruby/1.8/webrick/httpserver.rb:65:in `run'
/usr/lib/ruby/1.8/webrick/server.rb:173:in `start_thread'
/usr/lib/ruby/1.8/webrick/server.rb:162:in `start'
/usr/lib/ruby/1.8/webrick/server.rb:162:in `start_thread'
/usr/lib/ruby/1.8/webrick/server.rb:95:in `start'
/usr/lib/ruby/1.8/webrick/server.rb:92:in `each'
/usr/lib/ruby/1.8/webrick/server.rb:92:in `start'
/usr/lib/ruby/1.8/webrick/server.rb:23:in `start'
/usr/lib/ruby/1.8/webrick/server.rb:82:in `start'
/var/lib/gems/1.8/gems/rack-1.0.1/lib/rack/handler/webrick.rb:14:in `run'
/var/lib/gems/1.8/gems/rails-2.3.5/lib/commands/server.rb:111
/usr/lib/ruby/1.8/rubygems/custom_require.rb:31:in `gem_original_require'
/usr/lib/ruby/1.8/rubygems/custom_require.rb:31:in `require'
script/server:3

ActionView::TemplateError (compile error
/home/geoffr/AWDR/work/demo/app/views/say/hello.rhtml:11: syntax error, unexpected ')'
...t_buffer.concat(( 3.times do ).to_s); @output_buffer.concat ...
                              ^
/home/geoffr/AWDR/work/demo/app/views/say/hello.rhtml:17: syntax error, unexpected kENSURE, expecting ')'
/home/geoffr/AWDR/work/demo/app/views/say/hello.rhtml:19: syntax error, unexpected kEND, expecting ')') on line #11 of app/views/say/hello.rhtml:
8: 			<li>Addition: 1 + 2 = <%= 1+2 %></li>
9: 			<li>Concatenation: <%= "cow" + "boy" %></li>
10: 			<li>Time in 1 hour: <%= 1.hour.from_now %></li>
11: 			<%= 3.times do %>
12: 			Ho! <br>
13: 			<% end %>
14: 	</body>

    app/views/say/hello.rhtml:19:in `compile!'
    /usr/lib/ruby/1.8/webrick/httpserver.rb:104:in `service'
    /usr/lib/ruby/1.8/webrick/httpserver.rb:65:in `run'
    /usr/lib/ruby/1.8/webrick/server.rb:173:in `start_thread'
    /usr/lib/ruby/1.8/webrick/server.rb:162:in `start'
    /usr/lib/ruby/1.8/webrick/server.rb:162:in `start_thread'
    /usr/lib/ruby/1.8/webrick/server.rb:95:in `start'
    /usr/lib/ruby/1.8/webrick/server.rb:92:in `each'
    /usr/lib/ruby/1.8/webrick/server.rb:92:in `start'
    /usr/lib/ruby/1.8/webrick/server.rb:23:in `start'
    /usr/lib/ruby/1.8/webrick/server.rb:82:in `start'

Rendered rescues/_trace (33.7ms)
Rendered rescues/_request_and_response (1.2ms)
Rendering rescues/layout (internal_server_error)


Processing SayController#hello (for 127.0.0.1 at 2010-05-03 15:05:39) [GET]
Rendering say/hello
Completed in 6ms (View: 4, DB: 0) | 200 OK [http://0.0.0.0/say/hello]


Processing SayController#hello (for 127.0.0.1 at 2010-05-03 15:07:35) [GET]
Rendering say/hello
Completed in 6ms (View: 4, DB: 0) | 200 OK [http://0.0.0.0/say/hello]


Processing SayController#hello (for 127.0.0.1 at 2010-05-03 15:09:31) [GET]
Rendering say/hello
Completed in 6ms (View: 4, DB: 0) | 200 OK [http://0.0.0.0/say/hello]


Processing SayController#hello (for 127.0.0.1 at 2010-05-03 15:09:51) [GET]
Rendering say/hello
Completed in 3ms (View: 1, DB: 0) | 200 OK [http://0.0.0.0/say/hello]


Processing SayController#hello (for 127.0.0.1 at 2010-05-03 15:09:52) [GET]
Rendering say/hello
Completed in 2ms (View: 1, DB: 0) | 200 OK [http://0.0.0.0/say/hello]


Processing SayController#hello (for 127.0.0.1 at 2010-05-03 15:09:52) [GET]
Rendering say/hello
Completed in 3ms (View: 1, DB: 0) | 200 OK [http://0.0.0.0/say/hello]


Processing SayController#hello (for 127.0.0.1 at 2010-05-03 15:09:53) [GET]
Rendering say/hello
Completed in 2ms (View: 1, DB: 0) | 200 OK [http://0.0.0.0/say/hello]


Processing SayController#hello (for 127.0.0.1 at 2010-05-03 15:09:53) [GET]
Rendering say/hello
Completed in 2ms (View: 1, DB: 0) | 200 OK [http://0.0.0.0/say/hello]


Processing SayController#hello (for 127.0.0.1 at 2010-05-03 15:09:54) [GET]
Rendering say/hello
Completed in 2ms (View: 1, DB: 0) | 200 OK [http://0.0.0.0/say/hello]


Processing SayController#goodbye (for 127.0.0.1 at 2010-05-03 15:15:20) [GET]
Rendering say/goodbye
Completed in 6ms (View: 4, DB: 0) | 200 OK [http://0.0.0.0/say/goodbye]


Processing SayController#hello (for 127.0.0.1 at 2010-05-03 15:19:42) [GET]
Rendering say/hello
Completed in 32ms (View: 30, DB: 0) | 200 OK [http://0.0.0.0/say/hello]


Processing SayController#goodbye (for 127.0.0.1 at 2010-05-03 15:19:44) [GET]
Rendering say/goodbye
Completed in 6ms (View: 4, DB: 0) | 200 OK [http://0.0.0.0/say/goodbye]


Processing SayController#hello (for 127.0.0.1 at 2010-05-03 15:19:45) [GET]
Rendering say/hello
Completed in 3ms (View: 1, DB: 0) | 200 OK [http://0.0.0.0/say/hello]


Processing SayController#goodbye (for 127.0.0.1 at 2010-05-03 16:06:22) [GET]
Rendering say/goodbye
Completed in 2ms (View: 1, DB: 0) | 200 OK [http://0.0.0.0/say/goodbye]


Processing SayController#hello (for 127.0.0.1 at 2010-05-03 16:06:23) [GET]
Rendering say/hello
Completed in 3ms (View: 1, DB: 0) | 200 OK [http://0.0.0.0/say/hello]


Processing SayController#goodbye (for 127.0.0.1 at 2010-05-04 09:11:31) [GET]
Rendering say/goodbye
Completed in 175ms (View: 100, DB: 0) | 200 OK [http://0.0.0.0/say/goodbye]
